<?xml version="1.0" encoding="UTF-8"?>
<!-- Generated by org.testng.reporters.JUnitReportReporter -->
<testsuite hostname="DESKTOP-TM0OM7E" failures="0" tests="5" name="com.MiniProject.testScript.UpdateTimeTrack" time="29.525" errors="0" timestamp="2025-03-12T01:45:09 IST" skipped="0">
  <testcase classname="com.MiniProject.testScript.UpdateTimeTrack" name="EnterTimeTrack" time="5.875"/>
  <testcase classname="com.MiniProject.testScript.UpdateTimeTrack" name="ValidateTimeTrack" time="6.368"/>
  <testcase classname="com.MiniProject.testScript.UpdateTimeTrack" name="ModifyTimeTrack" time="5.521"/>
  <testcase classname="com.MiniProject.testScript.UpdateTimeTrack" name="helpIcon" time="3.824">
    <system-out>
      <![CDATA[Product Version: actiTIME 2017.4
(build 39769)
Auto-installation package
Number of Users: 5 users
with enabled access
(1 user account used)]]>
    </system-out>
  </testcase> <!-- helpIcon -->
  <testcase classname="com.MiniProject.testScript.UpdateTimeTrack" name="validateSystemAdmin" time="7.937"/>
  <system-out>
    <![CDATA[Product Version: actiTIME 2017.4
(build 39769)
Auto-installation package
Number of Users: 5 users
with enabled access
(1 user account used)]]>
  </system-out>
</testsuite> <!-- com.MiniProject.testScript.UpdateTimeTrack -->
