<?xml version="1.0" encoding="UTF-8"?>
<!-- Generated by org.testng.reporters.JUnitReportReporter -->
<testsuite hostname="DESKTOP-TM0OM7E" failures="0" tests="3" name="com.actitime.testscript.TestModule" time="9.877" errors="0" timestamp="2025-03-06T22:10:17 IST" skipped="0">
  <testcase classname="com.actitime.testscript.TestModule" name="addTest" time="3.510">
    <system-out>
      <![CDATA[TestAdded]]>
    </system-out>
  </testcase> <!-- addTest -->
  <testcase classname="com.actitime.testscript.TestModule" name="modifyTest" time="2.815">
    <system-out>
      <![CDATA[TestModified]]>
    </system-out>
  </testcase> <!-- modifyTest -->
  <testcase classname="com.actitime.testscript.TestModule" name="deleteTest" time="3.552">
    <system-out>
      <![CDATA[TestDeleted]]>
    </system-out>
  </testcase> <!-- deleteTest -->
  <system-out>
    <![CDATA[CustomerAdded
CustomerModified
CustomerDeleted
ProjectAdded
ProjectModified
ProjectDeleted
TestAdded
TestModified
TestDeleted]]>
  </system-out>
</testsuite> <!-- com.actitime.testscript.TestModule -->
