<?xml version="1.0" encoding="UTF-8"?>
<!-- Generated by org.testng.reporters.JUnitReportReporter -->
<testsuite hostname="DESKTOP-TM0OM7E" failures="0" tests="3" name="com.actitime.testscript.ProjectModule" time="9.750" errors="0" timestamp="2025-03-06T22:10:17 IST" skipped="0">
  <testcase classname="com.actitime.testscript.ProjectModule" name="addProject" time="3.399">
    <system-out>
      <![CDATA[ProjectAdded]]>
    </system-out>
  </testcase> <!-- addProject -->
  <testcase classname="com.actitime.testscript.ProjectModule" name="modifyProject" time="2.811">
    <system-out>
      <![CDATA[ProjectModified]]>
    </system-out>
  </testcase> <!-- modifyProject -->
  <testcase classname="com.actitime.testscript.ProjectModule" name="deleteProject" time="3.540">
    <system-out>
      <![CDATA[ProjectDeleted]]>
    </system-out>
  </testcase> <!-- deleteProject -->
  <system-out>
    <![CDATA[CustomerAdded
CustomerModified
CustomerDeleted
ProjectAdded
ProjectModified
ProjectDeleted
TestAdded
TestModified
TestDeleted]]>
  </system-out>
</testsuite> <!-- com.actitime.testscript.ProjectModule -->
