<?xml version="1.0" encoding="UTF-8"?>
<!-- Generated by org.testng.reporters.JUnitReportReporter -->
<testsuite hostname="DESKTOP-TM0OM7E" failures="0" tests="3" name="com.actitime.testscript.CustomerModule" time="8.892" errors="0" timestamp="2025-03-06T22:10:17 IST" skipped="0">
  <testcase classname="com.actitime.testscript.CustomerModule" name="modifyCustomer" time="3.221">
    <system-out>
      <![CDATA[CustomerModified]]>
    </system-out>
  </testcase> <!-- modifyCustomer -->
  <testcase classname="com.actitime.testscript.CustomerModule" name="addCustomer" time="3.111">
    <system-out>
      <![CDATA[CustomerAdded]]>
    </system-out>
  </testcase> <!-- addCustomer -->
  <testcase classname="com.actitime.testscript.CustomerModule" name="deleteCustomer" time="2.560">
    <system-out>
      <![CDATA[CustomerDeleted]]>
    </system-out>
  </testcase> <!-- deleteCustomer -->
  <system-out>
    <![CDATA[CustomerAdded
CustomerModified
CustomerDeleted
ProjectAdded
ProjectModified
ProjectDeleted
TestAdded
TestModified
TestDeleted]]>
  </system-out>
</testsuite> <!-- com.actitime.testscript.CustomerModule -->
